<?xml version="1.0" encoding="UTF-8"?>
<!-- Generated by org.testng.reporters.JUnitXMLReporter -->
<testsuite hostname="DESKTOP-PSD5S19" name="Command line test" tests="3" failures="0" timestamp="14 Mar 2018 21:19:19 GMT" time="13.655" errors="0">
  <testcase name="exampleOfTestNgMaven" time="0.009" classname="com.cagov.automation.TestAutomation.TestRunExample"/>
  <testcase name="testAPIManagerUrl" time="7.031" classname="com.cagov.automation.TestAutomation.apiManagerUrlTest"/>
  <testcase name="testDataServerUrl" time="6.59" classname="com.cagov.automation.TestAutomation.dataServerUrlTest"/>
</testsuite> <!-- Command line test -->
