<?xml version="1.0" encoding="UTF-8"?>
<testng-results skipped="0" failed="0" total="3" passed="3">
  <reporter-output>
  </reporter-output>
  <suite name="Command line suite" duration-ms="13655" started-at="2018-03-14T21:19:05Z" finished-at="2018-03-14T21:19:19Z">
    <groups>
    </groups>
    <test name="Command line test" duration-ms="13655" started-at="2018-03-14T21:19:05Z" finished-at="2018-03-14T21:19:19Z">
      <class name="com.cagov.automation.TestAutomation.apiManagerUrlTest">
        <test-method status="PASS" signature="testAPIManagerUrl()[pri:0, instance:com.cagov.automation.TestAutomation.apiManagerUrlTest@34b7bfc0]" name="testAPIManagerUrl" duration-ms="7031" started-at="2018-03-14T14:19:05Z" finished-at="2018-03-14T14:19:12Z">
          <reporter-output>
          </reporter-output>
        </test-method> <!-- testAPIManagerUrl -->
      </class> <!-- com.cagov.automation.TestAutomation.apiManagerUrlTest -->
      <class name="com.cagov.automation.TestAutomation.TestRunExample">
        <test-method status="PASS" signature="exampleOfTestNgMaven()[pri:0, instance:com.cagov.automation.TestAutomation.TestRunExample@614c5515]" name="exampleOfTestNgMaven" duration-ms="9" started-at="2018-03-14T14:19:05Z" finished-at="2018-03-14T14:19:05Z">
          <reporter-output>
          </reporter-output>
        </test-method> <!-- exampleOfTestNgMaven -->
      </class> <!-- com.cagov.automation.TestAutomation.TestRunExample -->
      <class name="com.cagov.automation.TestAutomation.dataServerUrlTest">
        <test-method status="PASS" signature="testDataServerUrl()[pri:0, instance:com.cagov.automation.TestAutomation.dataServerUrlTest@67b6d4ae]" name="testDataServerUrl" duration-ms="6590" started-at="2018-03-14T14:19:12Z" finished-at="2018-03-14T14:19:19Z">
          <reporter-output>
          </reporter-output>
        </test-method> <!-- testDataServerUrl -->
      </class> <!-- com.cagov.automation.TestAutomation.dataServerUrlTest -->
    </test> <!-- Command line test -->
  </suite> <!-- Command line suite -->
</testng-results>
