<?xml version="1.0" encoding="UTF-8"?>
<!-- Generated by org.testng.reporters.JUnitXMLReporter -->
<testsuite hostname="DESKTOP-PSD5S19" name="VerifyURLs" tests="3" failures="0" timestamp="14 Mar 2018 21:20:34 GMT" time="21.25" errors="0">
  <testcase name="testCAGovURLs" time="8.713" classname="com.cagov.automation.TestAutomation.caGovAutomationTests"/>
  <testcase name="testDataServerUrl" time="6.609" classname="com.cagov.automation.TestAutomation.dataServerUrlTest"/>
  <testcase name="testAPIManagerUrl" time="5.917" classname="com.cagov.automation.TestAutomation.apiManagerUrlTest"/>
</testsuite> <!-- VerifyURLs -->
